# JRE version: OpenJDK Runtime Environment Temurin-21.0.7+6 (21.0.7+6) (build 21.0.7+6-LTS)
# Java VM: OpenJDK 64-Bit Server VM Temurin-21.0.7+6 (21.0.7+6-LTS, mixed mode, sharing, tiered, compressed oops, compressed class ptrs, parallel gc, windows-amd64)
GC Precious Log:
 CardTable entry size: 512
 CPUs: 4 total, 4 available
 Memory: 3915M
 Large Page Support: Disabled
 NUMA Support: Disabled
 Compressed Oops: Enabled (32-bit)
 Alignments: Space 512K, Generation 512K, Heap 2M
 Heap Min Capacity: 100M
 Heap Initial Capacity: 100M
 Heap Max Capacity: 1G
 Pre-touch: Disabled
 Parallel Workers: 4
Heap:
 PSYoungGen      total 5120K, used 518K [0x00000000eab00000, 0x00000000eb200000, 0x0000000100000000)
  eden space 4608K, 8% used [0x00000000eab00000,0x00000000eab61b48,0x00000000eaf80000)
  from space 512K, 25% used [0x00000000eb180000,0x00000000eb1a0000,0x00000000eb200000)
  to   space 512K, 0% used [0x00000000eb100000,0x00000000eb100000,0x00000000eb180000)
 ParOldGen       total 665600K, used 415786K [0x00000000c0000000, 0x00000000e8a00000, 0x00000000eab00000)
  object space 665600K, 62% used [0x00000000c0000000,0x00000000d960a868,0x00000000e8a00000)
 Metaspace       used 83549K, committed 85184K, reserved 1179648K
  class space    used 8526K, committed 9280K, reserved 1048576K
GC Heap History (20 events):
Event: 2414.329 GC heap before
{Heap before GC invocations=1089 (full 4):
 PSYoungGen      total 5632K, used 5618K [0x00000000eab00000, 0x00000000eb300000, 0x0000000100000000)
  eden space 4608K, 100% used [0x00000000eab00000,0x00000000eaf80000,0x00000000eaf80000)
  from space 1024K, 98% used [0x00000000eb200000,0x00000000eb2fc840,0x00000000eb300000)
  to   space 1536K, 0% used [0x00000000eb000000,0x00000000eb000000,0x00000000eb180000)
 ParOldGen       total 665600K, used 413836K [0x00000000c0000000, 0x00000000e8a00000, 0x00000000eab00000)
  object space 665600K, 62% used [0x00000000c0000000,0x00000000d9423008,0x00000000e8a00000)
 Metaspace       used 83514K, committed 85120K, reserved 1179648K
  class space    used 8525K, committed 9280K, reserved 1048576K
}
Event: 2414.335 GC heap after
{Heap after GC invocations=1089 (full 4):
 PSYoungGen      total 6144K, used 1522K [0x00000000eab00000, 0x00000000eb480000, 0x0000000100000000)
  eden space 4608K, 0% used [0x00000000eab00000,0x00000000eab00000,0x00000000eaf80000)
  from space 1536K, 99% used [0x00000000eb000000,0x00000000eb17c840,0x00000000eb180000)
  to   space 2560K, 0% used [0x00000000eb200000,0x00000000eb200000,0x00000000eb480000)
 ParOldGen       total 665600K, used 414233K [0x00000000c0000000, 0x00000000e8a00000, 0x00000000eab00000)
  object space 665600K, 62% used [0x00000000c0000000,0x00000000d9486488,0x00000000e8a00000)
 Metaspace       used 83514K, committed 85120K, reserved 1179648K
  class space    used 8525K, committed 9280K, reserved 1048576K
}
Event: 2434.887 GC heap before
{Heap before GC invocations=1090 (full 4):
 PSYoungGen      total 6144K, used 6130K [0x00000000eab00000, 0x00000000eb480000, 0x0000000100000000)
  eden space 4608K, 100% used [0x00000000eab00000,0x00000000eaf80000,0x00000000eaf80000)
  from space 1536K, 99% used [0x00000000eb000000,0x00000000eb17c840,0x00000000eb180000)
  to   space 2560K, 0% used [0x00000000eb200000,0x00000000eb200000,0x00000000eb480000)
 ParOldGen       total 665600K, used 414233K [0x00000000c0000000, 0x00000000e8a00000, 0x00000000eab00000)
  object space 665600K, 62% used [0x00000000c0000000,0x00000000d9486488,0x00000000e8a00000)
 Metaspace       used 83515K, committed 85120K, reserved 1179648K
  class space    used 8525K, committed 9280K, reserved 1048576K
}
Event: 2434.891 GC heap after
{Heap after GC invocations=1090 (full 4):
 PSYoungGen      total 5120K, used 128K [0x00000000eab00000, 0x00000000eb280000, 0x0000000100000000)
  eden space 4608K, 0% used [0x00000000eab00000,0x00000000eab00000,0x00000000eaf80000)
  from space 512K, 25% used [0x00000000eb200000,0x00000000eb220000,0x00000000eb280000)
  to   space 1024K, 0% used [0x00000000eb080000,0x00000000eb080000,0x00000000eb180000)
 ParOldGen       total 665600K, used 414241K [0x00000000c0000000, 0x00000000e8a00000, 0x00000000eab00000)
  object space 665600K, 62% used [0x00000000c0000000,0x00000000d9488488,0x00000000e8a00000)
 Metaspace       used 83515K, committed 85120K, reserved 1179648K
  class space    used 8525K, committed 9280K, reserved 1048576K
}
Event: 2637.353 GC heap before
{Heap before GC invocations=1091 (full 4):
 PSYoungGen      total 5120K, used 4736K [0x00000000eab00000, 0x00000000eb280000, 0x0000000100000000)
  eden space 4608K, 100% used [0x00000000eab00000,0x00000000eaf80000,0x00000000eaf80000)
  from space 512K, 25% used [0x00000000eb200000,0x00000000eb220000,0x00000000eb280000)
  to   space 1024K, 0% used [0x00000000eb080000,0x00000000eb080000,0x00000000eb180000)
 ParOldGen       total 665600K, used 414241K [0x00000000c0000000, 0x00000000e8a00000, 0x00000000eab00000)
  object space 665600K, 62% used [0x00000000c0000000,0x00000000d9488488,0x00000000e8a00000)
 Metaspace       used 83534K, committed 85184K, reserved 1179648K
  class space    used 8525K, committed 9280K, reserved 1048576K
}
Event: 2637.496 GC heap after
{Heap after GC invocations=1091 (full 4):
 PSYoungGen      total 5632K, used 448K [0x00000000eab00000, 0x00000000eb280000, 0x0000000100000000)
  eden space 4608K, 0% used [0x00000000eab00000,0x00000000eab00000,0x00000000eaf80000)
  from space 1024K, 43% used [0x00000000eb080000,0x00000000eb0f0060,0x00000000eb180000)
  to   space 1024K, 0% used [0x00000000eb180000,0x00000000eb180000,0x00000000eb280000)
 ParOldGen       total 665600K, used 414257K [0x00000000c0000000, 0x00000000e8a00000, 0x00000000eab00000)
  object space 665600K, 62% used [0x00000000c0000000,0x00000000d948c488,0x00000000e8a00000)
 Metaspace       used 83534K, committed 85184K, reserved 1179648K
  class space    used 8525K, committed 9280K, reserved 1048576K
}
Event: 2639.365 GC heap before
{Heap before GC invocations=1092 (full 4):
 PSYoungGen      total 5632K, used 5056K [0x00000000eab00000, 0x00000000eb280000, 0x0000000100000000)
  eden space 4608K, 100% used [0x00000000eab00000,0x00000000eaf80000,0x00000000eaf80000)
  from space 1024K, 43% used [0x00000000eb080000,0x00000000eb0f0060,0x00000000eb180000)
  to   space 1024K, 0% used [0x00000000eb180000,0x00000000eb180000,0x00000000eb280000)
 ParOldGen       total 665600K, used 414257K [0x00000000c0000000, 0x00000000e8a00000, 0x00000000eab00000)
  object space 665600K, 62% used [0x00000000c0000000,0x00000000d948c488,0x00000000e8a00000)
 Metaspace       used 83538K, committed 85184K, reserved 1179648K
  class space    used 8525K, committed 9280K, reserved 1048576K
}
Event: 2639.372 GC heap after
{Heap after GC invocations=1092 (full 4):
 PSYoungGen      total 5120K, used 128K [0x00000000eab00000, 0x00000000eb200000, 0x0000000100000000)
  eden space 4608K, 0% used [0x00000000eab00000,0x00000000eab00000,0x00000000eaf80000)
  from space 512K, 25% used [0x00000000eb180000,0x00000000eb1a0000,0x00000000eb200000)
  to   space 512K, 0% used [0x00000000eb100000,0x00000000eb100000,0x00000000eb180000)
 ParOldGen       total 665600K, used 414489K [0x00000000c0000000, 0x00000000e8a00000, 0x00000000eab00000)
  object space 665600K, 62% used [0x00000000c0000000,0x00000000d94c64f8,0x00000000e8a00000)
 Metaspace       used 83538K, committed 85184K, reserved 1179648K
  class space    used 8525K, committed 9280K, reserved 1048576K
}
Event: 2641.555 GC heap before
{Heap before GC invocations=1093 (full 4):
 PSYoungGen      total 5120K, used 4736K [0x00000000eab00000, 0x00000000eb200000, 0x0000000100000000)
  eden space 4608K, 100% used [0x00000000eab00000,0x00000000eaf80000,0x00000000eaf80000)
  from space 512K, 25% used [0x00000000eb180000,0x00000000eb1a0000,0x00000000eb200000)
  to   space 512K, 0% used [0x00000000eb100000,0x00000000eb100000,0x00000000eb180000)
 ParOldGen       total 665600K, used 414489K [0x00000000c0000000, 0x00000000e8a00000, 0x00000000eab00000)
  object space 665600K, 62% used [0x00000000c0000000,0x00000000d94c64f8,0x00000000e8a00000)
 Metaspace       used 83539K, committed 85184K, reserved 1179648K
  class space    used 8526K, committed 9280K, reserved 1048576K
}
Event: 2641.563 GC heap after
{Heap after GC invocations=1093 (full 4):
 PSYoungGen      total 5120K, used 512K [0x00000000eab00000, 0x00000000eb200000, 0x0000000100000000)
  eden space 4608K, 0% used [0x00000000eab00000,0x00000000eab00000,0x00000000eaf80000)
  from space 512K, 100% used [0x00000000eb100000,0x00000000eb180000,0x00000000eb180000)
  to   space 512K, 0% used [0x00000000eb180000,0x00000000eb180000,0x00000000eb200000)
 ParOldGen       total 665600K, used 414838K [0x00000000c0000000, 0x00000000e8a00000, 0x00000000eab00000)
  object space 665600K, 62% used [0x00000000c0000000,0x00000000d951d988,0x00000000e8a00000)
 Metaspace       used 83539K, committed 85184K, reserved 1179648K
  class space    used 8526K, committed 9280K, reserved 1048576K
}
Event: 2641.700 GC heap before
{Heap before GC invocations=1094 (full 4):
 PSYoungGen      total 5120K, used 5120K [0x00000000eab00000, 0x00000000eb200000, 0x0000000100000000)
  eden space 4608K, 100% used [0x00000000eab00000,0x00000000eaf80000,0x00000000eaf80000)
  from space 512K, 100% used [0x00000000eb100000,0x00000000eb180000,0x00000000eb180000)
  to   space 512K, 0% used [0x00000000eb180000,0x00000000eb180000,0x00000000eb200000)
 ParOldGen       total 665600K, used 414838K [0x00000000c0000000, 0x00000000e8a00000, 0x00000000eab00000)
  object space 665600K, 62% used [0x00000000c0000000,0x00000000d951d988,0x00000000e8a00000)
 Metaspace       used 83539K, committed 85184K, reserved 1179648K
  class space    used 8526K, committed 9280K, reserved 1048576K
}
Event: 2641.706 GC heap after
{Heap after GC invocations=1094 (full 4):
 PSYoungGen      total 5120K, used 432K [0x00000000eab00000, 0x00000000eb200000, 0x0000000100000000)
  eden space 4608K, 0% used [0x00000000eab00000,0x00000000eab00000,0x00000000eaf80000)
  from space 512K, 84% used [0x00000000eb180000,0x00000000eb1ec010,0x00000000eb200000)
  to   space 1024K, 0% used [0x00000000eb000000,0x00000000eb000000,0x00000000eb100000)
 ParOldGen       total 665600K, used 415308K [0x00000000c0000000, 0x00000000e8a00000, 0x00000000eab00000)
  object space 665600K, 62% used [0x00000000c0000000,0x00000000d95933d8,0x00000000e8a00000)
 Metaspace       used 83539K, committed 85184K, reserved 1179648K
  class space    used 8526K, committed 9280K, reserved 1048576K
}
Event: 2647.811 GC heap before
{Heap before GC invocations=1095 (full 4):
 PSYoungGen      total 5120K, used 5040K [0x00000000eab00000, 0x00000000eb200000, 0x0000000100000000)
  eden space 4608K, 100% used [0x00000000eab00000,0x00000000eaf80000,0x00000000eaf80000)
  from space 512K, 84% used [0x00000000eb180000,0x00000000eb1ec010,0x00000000eb200000)
  to   space 1024K, 0% used [0x00000000eb000000,0x00000000eb000000,0x00000000eb100000)
 ParOldGen       total 665600K, used 415308K [0x00000000c0000000, 0x00000000e8a00000, 0x00000000eab00000)
  object space 665600K, 62% used [0x00000000c0000000,0x00000000d95933d8,0x00000000e8a00000)
 Metaspace       used 83549K, committed 85184K, reserved 1179648K
  class space    used 8526K, committed 9280K, reserved 1048576K
}
Event: 2647.816 GC heap after
{Heap after GC invocations=1095 (full 4):
 PSYoungGen      total 5632K, used 128K [0x00000000eab00000, 0x00000000eb200000, 0x0000000100000000)
  eden space 4608K, 0% used [0x00000000eab00000,0x00000000eab00000,0x00000000eaf80000)
  from space 1024K, 12% used [0x00000000eb000000,0x00000000eb020000,0x00000000eb100000)
  to   space 512K, 0% used [0x00000000eb180000,0x00000000eb180000,0x00000000eb200000)
 ParOldGen       total 665600K, used 415340K [0x00000000c0000000, 0x00000000e8a00000, 0x00000000eab00000)
  object space 665600K, 62% used [0x00000000c0000000,0x00000000d959b3d8,0x00000000e8a00000)
 Metaspace       used 83549K, committed 85184K, reserved 1179648K
  class space    used 8526K, committed 9280K, reserved 1048576K
}
Event: 2654.700 GC heap before
{Heap before GC invocations=1096 (full 4):
 PSYoungGen      total 5632K, used 4736K [0x00000000eab00000, 0x00000000eb200000, 0x0000000100000000)
  eden space 4608K, 100% used [0x00000000eab00000,0x00000000eaf80000,0x00000000eaf80000)
  from space 1024K, 12% used [0x00000000eb000000,0x00000000eb020000,0x00000000eb100000)
  to   space 512K, 0% used [0x00000000eb180000,0x00000000eb180000,0x00000000eb200000)
 ParOldGen       total 665600K, used 415340K [0x00000000c0000000, 0x00000000e8a00000, 0x00000000eab00000)
  object space 665600K, 62% used [0x00000000c0000000,0x00000000d959b3d8,0x00000000e8a00000)
 Metaspace       used 83549K, committed 85184K, reserved 1179648K
  class space    used 8526K, committed 9280K, reserved 1048576K
}
Event: 2654.704 GC heap after
{Heap after GC invocations=1096 (full 4):
 PSYoungGen      total 5120K, used 400K [0x00000000eab00000, 0x00000000eb200000, 0x0000000100000000)
  eden space 4608K, 0% used [0x00000000eab00000,0x00000000eab00000,0x00000000eaf80000)
  from space 512K, 78% used [0x00000000eb180000,0x00000000eb1e4010,0x00000000eb200000)
  to   space 512K, 0% used [0x00000000eb100000,0x00000000eb100000,0x00000000eb180000)
 ParOldGen       total 665600K, used 415356K [0x00000000c0000000, 0x00000000e8a00000, 0x00000000eab00000)
  object space 665600K, 62% used [0x00000000c0000000,0x00000000d959f3d8,0x00000000e8a00000)
 Metaspace       used 83549K, committed 85184K, reserved 1179648K
  class space    used 8526K, committed 9280K, reserved 1048576K
}
Event: 2655.033 GC heap before
{Heap before GC invocations=1097 (full 4):
 PSYoungGen      total 5120K, used 5008K [0x00000000eab00000, 0x00000000eb200000, 0x0000000100000000)
  eden space 4608K, 100% used [0x00000000eab00000,0x00000000eaf80000,0x00000000eaf80000)
  from space 512K, 78% used [0x00000000eb180000,0x00000000eb1e4010,0x00000000eb200000)
  to   space 512K, 0% used [0x00000000eb100000,0x00000000eb100000,0x00000000eb180000)
 ParOldGen       total 665600K, used 415356K [0x00000000c0000000, 0x00000000e8a00000, 0x00000000eab00000)
  object space 665600K, 62% used [0x00000000c0000000,0x00000000d959f3d8,0x00000000e8a00000)
 Metaspace       used 83549K, committed 85184K, reserved 1179648K
  class space    used 8526K, committed 9280K, reserved 1048576K
}
Event: 2655.037 GC heap after
{Heap after GC invocations=1097 (full 4):
 PSYoungGen      total 5120K, used 128K [0x00000000eab00000, 0x00000000eb200000, 0x0000000100000000)
  eden space 4608K, 0% used [0x00000000eab00000,0x00000000eab00000,0x00000000eaf80000)
  from space 512K, 25% used [0x00000000eb100000,0x00000000eb120000,0x00000000eb180000)
  to   space 512K, 0% used [0x00000000eb180000,0x00000000eb180000,0x00000000eb200000)
 ParOldGen       total 665600K, used 415698K [0x00000000c0000000, 0x00000000e8a00000, 0x00000000eab00000)
  object space 665600K, 62% used [0x00000000c0000000,0x00000000d95f4868,0x00000000e8a00000)
 Metaspace       used 83549K, committed 85184K, reserved 1179648K
  class space    used 8526K, committed 9280K, reserved 1048576K
}
Event: 2659.042 GC heap before
{Heap before GC invocations=1098 (full 4):
 PSYoungGen      total 5120K, used 4736K [0x00000000eab00000, 0x00000000eb200000, 0x0000000100000000)
  eden space 4608K, 100% used [0x00000000eab00000,0x00000000eaf80000,0x00000000eaf80000)
  from space 512K, 25% used [0x00000000eb100000,0x00000000eb120000,0x00000000eb180000)
  to   space 512K, 0% used [0x00000000eb180000,0x00000000eb180000,0x00000000eb200000)
 ParOldGen       total 665600K, used 415698K [0x00000000c0000000, 0x00000000e8a00000, 0x00000000eab00000)
  object space 665600K, 62% used [0x00000000c0000000,0x00000000d95f4868,0x00000000e8a00000)
 Metaspace       used 83549K, committed 85184K, reserved 1179648K
  class space    used 8526K, committed 9280K, reserved 1048576K
}
Event: 2659.047 GC heap after
{Heap after GC invocations=1098 (full 4):
 PSYoungGen      total 5120K, used 128K [0x00000000eab00000, 0x00000000eb200000, 0x0000000100000000)
  eden space 4608K, 0% used [0x00000000eab00000,0x00000000eab00000,0x00000000eaf80000)
  from space 512K, 25% used [0x00000000eb180000,0x00000000eb1a0000,0x00000000eb200000)
  to   space 512K, 0% used [0x00000000eb100000,0x00000000eb100000,0x00000000eb180000)
 ParOldGen       total 665600K, used 415786K [0x00000000c0000000, 0x00000000e8a00000, 0x00000000eab00000)
  object space 665600K, 62% used [0x00000000c0000000,0x00000000d960a868,0x00000000e8a00000)
 Metaspace       used 83549K, committed 85184K, reserved 1179648K
  class space    used 8526K, committed 9280K, reserved 1048576K
}

